<?xml version="1.0" encoding="UTF-8"?>
<!-- Generated by org.testng.reporters.JUnitXMLReporter -->
<testsuite ignored="0" hostname="mac" failures="2" tests="5" name="API Tests" time="5.923" errors="0" timestamp="2025-03-02T15:26:46 IST">
  <testcase classname="apiTests.LoginApiTest" name="testInvalidLogin" time="3.183">
    <failure type="java.lang.AssertionError" message="Expected status code 401 for invalid login expected [401] but found [200]">
      <![CDATA[java.lang.AssertionError: Expected status code 401 for invalid login expected [401] but found [200]
at apiTests.LoginApiTest.testInvalidLogin(LoginApiTest.java:36)
at java.base/java.util.ArrayList.forEach(ArrayList.java:1597)
... Removed 31 stack frames]]>
    </failure>
  </testcase> <!-- testInvalidLogin -->
  <testcase classname="apiTests.LoginApiTest" name="testValidLogin" time="0.549"/>
  <testcase classname="apiTests.AddtoCartApiTest" name="testAddToCart" time="0.858"/>
  <testcase classname="apiTests.DeleteCartTest" name="testDeleteCart" time="0.712"/>
  <testcase classname="apiTests.ViewCartAPITest" name="testViewCart" time="0.553">
    <failure type="java.lang.AssertionError" message="Cart does not contain any products! expected [true] but found [false]">
      <![CDATA[java.lang.AssertionError: Cart does not contain any products! expected [true] but found [false]
at apiTests.ViewCartAPITest.testViewCart(ViewCartAPITest.java:40)
at java.base/java.util.ArrayList.forEach(ArrayList.java:1597)
... Removed 28 stack frames]]>
    </failure>
  </testcase> <!-- testViewCart -->
</testsuite> <!-- API Tests -->
